<?xml version="1.0" encoding="UTF-8"?>
<!-- Generated by org.testng.reporters.JUnitReportReporter -->
<testsuite hostname="VirendraSingh" failures="0" tests="3" name="practice.testng.CreateContactTestUsingDP" time="0.019" errors="0" timestamp="2024-05-07T12:21:10 IST" skipped="0">
  <testcase classname="practice.testng.CreateContactTestUsingDP" name="createContactTest" time="0.006"/>
  <testcase classname="practice.testng.CreateContactTestUsingDP" name="createContactTest" time="0.009"/>
  <testcase classname="practice.testng.CreateContactTestUsingDP" name="createContactTest" time="0.004"/>
</testsuite> <!-- practice.testng.CreateContactTestUsingDP -->
