<?xml version="1.0" encoding="UTF-8"?>
<!-- Generated by org.testng.reporters.JUnitReportReporter -->
<testsuite hostname="VirendraSingh" failures="0" tests="2" name="practice.homepagetest.HomePageVerificationTest" time="9.034" errors="0" timestamp="2024-05-06T11:19:18 IST" skipped="0">
  <testcase classname="practice.homepagetest.HomePageVerificationTest" name="homePageTest" time="4.761"/>
  <testcase classname="practice.homepagetest.HomePageVerificationTest" name="verifyLogoHomePageTest" time="4.273"/>
</testsuite> <!-- practice.homepagetest.HomePageVerificationTest -->
