<?xml version="1.0" encoding="UTF-8"?>
<!-- Generated by org.testng.reporters.JUnitReportReporter -->
<testsuite hostname="VirendraSingh" failures="0" tests="3" name="extentreport.test.SampleReportTest" time="4.116" errors="0" timestamp="2024-05-09T13:26:03 IST" skipped="0">
  <testcase classname="extentreport.test.SampleReportTest" name="createContactWithOrg" time="0.004"/>
  <testcase classname="extentreport.test.SampleReportTest" name="createContactTest" time="4.109"/>
  <testcase classname="extentreport.test.SampleReportTest" name="createContactWithPhoneNumber" time="0.003"/>
</testsuite> <!-- extentreport.test.SampleReportTest -->
