<?xml version="1.0" encoding="UTF-8"?>
<!-- Generated by org.testng.reporters.JUnitReportReporter -->
<testsuite hostname="VirendraSingh" failures="0" tests="3" name="practice.testng.ContactTestWithPriority" time="0.015" errors="0" timestamp="2024-04-30T13:17:42 IST" skipped="0">
  <testcase classname="practice.testng.ContactTestWithPriority" name="createContactTest" time="0.009"/>
  <testcase classname="practice.testng.ContactTestWithPriority" name="modifyContactTest" time="0.002"/>
  <testcase classname="practice.testng.ContactTestWithPriority" name="deleteContactTest" time="0.004"/>
</testsuite> <!-- practice.testng.ContactTestWithPriority -->
