<?xml version="1.0" encoding="UTF-8"?>
<!-- Generated by org.testng.reporters.JUnitReportReporter -->
<testsuite hostname="VirendraSingh" failures="0" tests="2" name="practice.testng.SampleTestReporterLog" time="0.026" errors="0" timestamp="2024-05-07T22:23:21 IST" skipped="0">
  <testcase classname="practice.testng.SampleTestReporterLog" name="test1" time="0.005">
    <system-out>
      <![CDATA[hello]]>
    </system-out>
  </testcase> <!-- test1 -->
  <testcase classname="practice.testng.SampleTestReporterLog" name="test" time="0.021"/>
  <system-out>
    <![CDATA[hello]]>
  </system-out>
</testsuite> <!-- practice.testng.SampleTestReporterLog -->
