<?xml version="1.0" encoding="UTF-8"?>
<!-- Generated by org.testng.reporters.JUnitReportReporter -->
<testsuite hostname="VirendraSingh" failures="0" tests="1" name="practice.testng.practiceReporterLog" time="0.008" errors="0" timestamp="2024-05-06T15:24:45 IST" skipped="0">
  <testcase classname="practice.testng.practiceReporterLog" name="homePageTest" time="0.008">
    <system-out>
      <![CDATA[homePageTesttest start
step1
step2
step3
homePageTesttest end]]>
    </system-out>
  </testcase> <!-- homePageTest -->
  <system-out>
    <![CDATA[homePageTesttest start
step1
step2
step3
homePageTesttest end]]>
  </system-out>
</testsuite> <!-- practice.testng.practiceReporterLog -->
