<?xml version="1.0" encoding="UTF-8"?>
<!-- Generated by org.testng.reporters.JUnitReportReporter -->
<testsuite hostname="VirendraSingh" failures="0" tests="1" name="pomobjectrepository.WithoutStaleElementException" time="6.833" errors="0" timestamp="2024-04-26T10:51:25 IST" skipped="0">
  <testcase classname="pomobjectrepository.WithoutStaleElementException" name="sampleTest" time="6.833"/>
</testsuite> <!-- pomobjectrepository.WithoutStaleElementException -->
