<?xml version="1.0" encoding="UTF-8"?>
<!-- Generated by org.testng.reporters.JUnitReportReporter -->
<testsuite hostname="VirendraSingh" failures="0" tests="1" name="practice.testng.SampleTest" time="0.007" errors="0" timestamp="2024-05-06T15:58:04 IST" skipped="0">
  <testcase classname="practice.testng.SampleTest" name="test1" time="0.007">
    <system-out>
      <![CDATA[hello]]>
    </system-out>
  </testcase> <!-- test1 -->
  <system-out>
    <![CDATA[hello]]>
  </system-out>
</testsuite> <!-- practice.testng.SampleTest -->
