<?xml version="1.0" encoding="UTF-8"?>
<!-- Generated by org.testng.reporters.JUnitReportReporter -->
<testsuite hostname="VirendraSingh" failures="0" tests="1" name="practiceddt.ReadDataFromTextNGxmlTest" time="0.007" errors="0" timestamp="2024-04-20T12:55:49 IST" skipped="0">
  <testcase classname="practiceddt.ReadDataFromTextNGxmlTest" name="sampleTest" time="0.007"/>
</testsuite> <!-- practiceddt.ReadDataFromTextNGxmlTest -->
