<?xml version="1.0" encoding="UTF-8"?>
<!-- Generated by org.testng.reporters.JUnitReportReporter -->
<testsuite hostname="VirendraSingh" failures="0" tests="3" name="practice.testng.GetProductInfoDP" time="19.792" errors="0" timestamp="2024-05-01T06:53:16 IST" skipped="0">
  <testcase classname="practice.testng.GetProductInfoDP" name="getProductInfoTest" time="5.662"/>
  <testcase classname="practice.testng.GetProductInfoDP" name="getProductInfoTest" time="5.974"/>
  <testcase classname="practice.testng.GetProductInfoDP" name="getProductInfoTest" time="8.156"/>
</testsuite> <!-- practice.testng.GetProductInfoDP -->
