<?xml version="1.0" encoding="UTF-8"?>
<!-- Generated by org.testng.reporters.JUnitReportReporter -->
<testsuite hostname="VirendraSingh" failures="0" tests="1" name="com.crm.generic.baseutility.BaseClass" time="0.009" errors="0" timestamp="2024-05-02T11:05:00 IST" skipped="0">
  <testcase classname="com.crm.generic.baseutility.BaseClass" name="m1" time="0.009"/>
</testsuite> <!-- com.crm.generic.baseutility.BaseClass -->
