<?xml version="1.0" encoding="UTF-8"?>
<!-- Generated by org.testng.reporters.JUnitReportReporter -->
<testsuite hostname="VirendraSingh" failures="0" tests="1" name="practice.screenshot.SampleTestForScreeenshot" time="10.982" errors="0" timestamp="2024-05-06T17:30:18 IST" skipped="0">
  <testcase classname="practice.screenshot.SampleTestForScreeenshot" name="amazonTest" time="10.982"/>
</testsuite> <!-- practice.screenshot.SampleTestForScreeenshot -->
