<?xml version="1.0" encoding="UTF-8"?>
<!-- Generated by org.testng.reporters.JUnitReportReporter -->
<testsuite hostname="VirendraSingh" failures="0" tests="2" name="practice.testng.PracticeConfigAnnotations" time="0.019" errors="0" timestamp="2024-05-01T13:33:41 IST" skipped="0">
  <testcase classname="practice.testng.PracticeConfigAnnotations" name="createContactSupportDate" time="0.004"/>
  <testcase classname="practice.testng.PracticeConfigAnnotations" name="createContact" time="0.015"/>
</testsuite> <!-- practice.testng.PracticeConfigAnnotations -->
