<?xml version="1.0" encoding="UTF-8"?>
<!-- Generated by org.testng.reporters.JUnitReportReporter -->
<testsuite hostname="VirendraSingh" failures="0" tests="3" name="practice.testng.CreateContactTest" time="0.017" errors="0" timestamp="2024-04-30T11:40:48 IST" skipped="0">
  <testcase classname="practice.testng.CreateContactTest" name="createcontactTest" time="0.011"/>
  <testcase classname="practice.testng.CreateContactTest" name="loginy" time="0.004"/>
  <testcase classname="practice.testng.CreateContactTest" name="navigateTocontactTest" time="0.002"/>
</testsuite> <!-- practice.testng.CreateContactTest -->
